<?xml version="1.0" encoding="UTF-8"?>
<!-- Generated by org.testng.reporters.JUnitXMLReporter -->
<testsuite hostname="victorsoto" name="Test" tests="6" failures="0" timestamp="16 Feb 2018 14:46:51 GMT" time="68.05" errors="0">
  <testcase name="loginTest" time="0.001" classname="example.Login_PageTest"/>
  <testcase name="loginTest" time="0.0" classname="example.Login_PageTest"/>
  <testcase name="loginTest" time="0.0" classname="example.Login_PageTest"/>
  <testcase name="loginTest" time="0.001" classname="example.Login_PageTest"/>
  <testcase name="loginTest" time="0.0" classname="example.Login_PageTest"/>
  <testcase name="loginTest" time="0.0" classname="example.Login_PageTest"/>
</testsuite> <!-- Test -->
